SF:C:\dev\Learning\React\budgeteer\this-is-the-real-app\budgeteer\backend\api\Program.cs
FN:0,System.Void Program::<Main>$(System.String[])
FNDA:0,System.Void Program::<Main>$(System.String[])
DA:1,0
DA:5,0
DA:7,0
DA:8,0
DA:10,0
DA:13,0
DA:14,0
DA:15,0
DA:16,0
DA:17,0
DA:19,0
DA:21,0
DA:23,0
DA:25,0
BRDA:13,64,0,0
BRDA:13,64,1,0
LF:14
LH:0
BRF:2
BRH:0
FNF:1
FNH:0
end_of_record
SF:C:\dev\Learning\React\budgeteer\this-is-the-real-app\budgeteer\backend\api\Utils\Utils.cs
FN:11,System.String[] Edwards.Kevin.Budgeteer.Utils.Utils::LoadFile(System.String)
FNDA:0,System.String[] Edwards.Kevin.Budgeteer.Utils.Utils::LoadFile(System.String)
DA:12,0
DA:13,0
DA:14,0
FN:15,System.String[] Edwards.Kevin.Budgeteer.Utils.Utils::GetFiles(System.String)
FNDA:0,System.String[] Edwards.Kevin.Budgeteer.Utils.Utils::GetFiles(System.String)
DA:16,0
LF:4
LH:0
BRF:0
BRH:0
FNF:2
FNH:0
end_of_record
SF:C:\dev\Learning\React\budgeteer\this-is-the-real-app\budgeteer\backend\api\Models\Expence.cs
FN:5,System.Int32 Edwards.Kevin.Budgeteer.Models.Expence::get_Id()
FNDA:0,System.Int32 Edwards.Kevin.Budgeteer.Models.Expence::get_Id()
DA:6,0
FN:6,System.Int32 Edwards.Kevin.Budgeteer.Models.Expence::get_Amount()
FNDA:0,System.Int32 Edwards.Kevin.Budgeteer.Models.Expence::get_Amount()
DA:7,0
FN:7,Edwards.Kevin.Budgeteer.Models.Category Edwards.Kevin.Budgeteer.Models.Expence::get_Category()
FNDA:0,Edwards.Kevin.Budgeteer.Models.Category Edwards.Kevin.Budgeteer.Models.Expence::get_Category()
DA:8,0
FN:8,System.String Edwards.Kevin.Budgeteer.Models.Expence::get_Description()
FNDA:0,System.String Edwards.Kevin.Budgeteer.Models.Expence::get_Description()
DA:9,0
FN:10,System.Void Edwards.Kevin.Budgeteer.Models.Expence::.ctor(System.Int32,System.Int32,Edwards.Kevin.Budgeteer.Models.Category,System.String)
FNDA:0,System.Void Edwards.Kevin.Budgeteer.Models.Expence::.ctor(System.Int32,System.Int32,Edwards.Kevin.Budgeteer.Models.Category,System.String)
DA:11,0
DA:13,0
DA:14,0
DA:15,0
DA:16,0
DA:17,0
DA:18,0
LF:11
LH:0
BRF:0
BRH:0
FNF:5
FNH:0
end_of_record
SF:C:\dev\Learning\React\budgeteer\this-is-the-real-app\budgeteer\backend\api\Controllers\BudgeteerController.cs
FN:34,Microsoft.AspNetCore.Mvc.IActionResult TodoApi.Controllers.BudgeteerController::MigrateDownload()
FNDA:0,Microsoft.AspNetCore.Mvc.IActionResult TodoApi.Controllers.BudgeteerController::MigrateDownload()
DA:35,0
DA:36,0
DA:37,0
DA:38,0
FN:40,System.Void TodoApi.Controllers.BudgeteerController::InnerMigrateDownload(System.String)
FNDA:1,System.Void TodoApi.Controllers.BudgeteerController::InnerMigrateDownload(System.String)
DA:41,1
DA:42,1
DA:43,9
DA:44,3
DA:45,3
DA:46,3
DA:47,3
DA:48,3
DA:49,1
BRDA:43,77,1,3
BRDA:43,77,0,1
FN:51,System.Void TodoApi.Controllers.BudgeteerController::MigrateFile(System.String)
FNDA:3,System.Void TodoApi.Controllers.BudgeteerController::MigrateFile(System.String)
DA:52,3
DA:53,3
DA:54,0
DA:57,3
BRDA:53,14,0,0
BRDA:53,14,1,3
FN:59,System.Void TodoApi.Controllers.BudgeteerController::MigrateCsvFile(System.String)
FNDA:0,System.Void TodoApi.Controllers.BudgeteerController::MigrateCsvFile(System.String)
DA:60,0
DA:62,0
DA:63,0
DA:64,0
DA:65,0
DA:109,0
BRDA:64,54,1,0
BRDA:64,54,0,0
FN:112,System.Void TodoApi.Controllers.BudgeteerController::MigrateOfxFile(System.String)
FNDA:0,System.Void TodoApi.Controllers.BudgeteerController::MigrateOfxFile(System.String)
DA:113,0
DA:116,0
DA:117,0
DA:118,0
DA:119,0
DA:120,0
DA:121,0
DA:122,0
DA:123,0
DA:124,0
DA:125,0
DA:126,0
DA:127,0
DA:129,0
DA:130,0
DA:131,0
DA:132,0
DA:133,0
DA:134,0
DA:135,0
DA:136,0
BRDA:120,99,1,0
BRDA:122,34,0,0
BRDA:122,34,1,0
BRDA:124,53,0,0
BRDA:124,53,1,0
BRDA:126,74,0,0
BRDA:126,74,1,0
BRDA:120,99,0,0
FN:137,System.Boolean TodoApi.Controllers.BudgeteerController::IsTransactionStart(System.String)
FNDA:0,System.Boolean TodoApi.Controllers.BudgeteerController::IsTransactionStart(System.String)
DA:138,0
FN:138,System.Boolean TodoApi.Controllers.BudgeteerController::IsTransactionEnd(System.String)
FNDA:0,System.Boolean TodoApi.Controllers.BudgeteerController::IsTransactionEnd(System.String)
DA:139,0
FN:141,System.Boolean TodoApi.Controllers.BudgeteerController::IsElementWeCareAbout(System.String)
FNDA:0,System.Boolean TodoApi.Controllers.BudgeteerController::IsElementWeCareAbout(System.String)
DA:142,0
DA:143,0
DA:144,0
DA:145,0
DA:146,0
DA:147,0
DA:148,0
DA:149,0
DA:150,0
BRDA:143,12,0,0
BRDA:143,25,0,0
BRDA:143,38,0,0
BRDA:143,51,0,0
BRDA:143,64,0,0
BRDA:143,12,1,0
BRDA:143,25,1,0
BRDA:143,38,1,0
BRDA:143,51,1,0
BRDA:143,64,1,0
FN:155,System.Collections.Generic.IEnumerable`1<Edwards.Kevin.Budgeteer.Models.Expence> TodoApi.Controllers.BudgeteerController::Get(System.Int32)
FNDA:0,System.Collections.Generic.IEnumerable`1<Edwards.Kevin.Budgeteer.Models.Expence> TodoApi.Controllers.BudgeteerController::Get(System.Int32)
DA:156,0
DA:157,0
DA:158,0
DA:159,0
DA:160,0
DA:161,0
DA:162,0
DA:163,0
DA:165,0
DA:166,0
DA:168,0
DA:169,0
BRDA:165,134,0,0
BRDA:165,134,1,0
FN:13,System.Void TodoApi.Controllers.BudgeteerController::.ctor(Microsoft.Extensions.Logging.ILogger`1<TodoApi.Controllers.BudgeteerController>,Edwards.Kevin.Budgeteer.Utils.IUtils)
FNDA:1,System.Void TodoApi.Controllers.BudgeteerController::.ctor(Microsoft.Extensions.Logging.ILogger`1<TodoApi.Controllers.BudgeteerController>,Edwards.Kevin.Budgeteer.Utils.IUtils)
DA:14,1
DA:15,1
DA:19,1
DA:20,1
DA:21,1
DA:22,1
DA:24,1
DA:25,1
DA:29,1
FN:173,System.DateTime TodoApi.Controllers.CsvTransaction::get_Date()
FNDA:8,System.DateTime TodoApi.Controllers.CsvTransaction::get_Date()
DA:174,8
FN:174,System.String TodoApi.Controllers.CsvTransaction::get_CheckNumber()
FNDA:8,System.String TodoApi.Controllers.CsvTransaction::get_CheckNumber()
DA:175,8
FN:175,System.String TodoApi.Controllers.CsvTransaction::get_Description()
FNDA:12,System.String TodoApi.Controllers.CsvTransaction::get_Description()
DA:176,12
FN:176,System.String TodoApi.Controllers.CsvTransaction::get_TransactionType()
FNDA:8,System.String TodoApi.Controllers.CsvTransaction::get_TransactionType()
DA:177,8
FN:177,System.Double TodoApi.Controllers.CsvTransaction::get_Amount()
FNDA:8,System.Double TodoApi.Controllers.CsvTransaction::get_Amount()
DA:178,8
FN:178,System.Boolean TodoApi.Controllers.CsvTransaction::get_IsValid()
FNDA:17,System.Boolean TodoApi.Controllers.CsvTransaction::get_IsValid()
DA:179,17
FN:179,System.Boolean TodoApi.Controllers.CsvTransaction::get_IsPendingTransaction()
FNDA:8,System.Boolean TodoApi.Controllers.CsvTransaction::get_IsPendingTransaction()
DA:180,8
FN:182,TodoApi.Controllers.CsvTransaction TodoApi.Controllers.CsvTransaction::createNew(System.String)
FNDA:13,TodoApi.Controllers.CsvTransaction TodoApi.Controllers.CsvTransaction::createNew(System.String)
DA:183,13
DA:184,13
DA:185,13
FN:221,System.DateTime TodoApi.Controllers.CsvTransaction::ProcessDate(System.String)
FNDA:4,System.DateTime TodoApi.Controllers.CsvTransaction::ProcessDate(System.String)
DA:222,4
DA:223,4
DA:224,4
DA:225,4
FN:227,System.Double TodoApi.Controllers.CsvTransaction::ProcessCredit(System.String)
FNDA:2,System.Double TodoApi.Controllers.CsvTransaction::ProcessCredit(System.String)
DA:228,2
DA:229,2
DA:230,2
DA:231,2
FN:233,System.String TodoApi.Controllers.CsvTransaction::ToString()
FNDA:0,System.String TodoApi.Controllers.CsvTransaction::ToString()
DA:234,0
DA:235,0
DA:236,0
FN:186,System.Void TodoApi.Controllers.CsvTransaction::.ctor(System.String)
FNDA:13,System.Void TodoApi.Controllers.CsvTransaction::.ctor(System.String)
DA:187,13
DA:188,13
DA:189,13
DA:190,1
DA:191,12
DA:192,12
DA:193,6
DA:194,6
DA:195,2
DA:197,4
DA:199,4
DA:200,4
DA:201,4
DA:202,4
DA:204,4
DA:205,2
DA:206,2
DA:207,2
DA:208,2
DA:210,2
DA:211,2
DA:212,2
DA:213,2
DA:214,13
BRDA:189,14,1,12
BRDA:192,45,1,6
BRDA:194,67,1,4
BRDA:204,156,0,2
BRDA:204,156,1,2
BRDA:189,14,0,13
BRDA:192,45,0,13
BRDA:194,67,0,13
FN:215,System.Void TodoApi.Controllers.CsvTransaction::.ctor(System.String[])
FNDA:0,System.Void TodoApi.Controllers.CsvTransaction::.ctor(System.String[])
DA:216,0
DA:217,0
DA:218,0
FN:240,System.String TodoApi.Controllers.OfxTransaction::get_Id()
FNDA:0,System.String TodoApi.Controllers.OfxTransaction::get_Id()
DA:241,0
FN:241,System.String TodoApi.Controllers.OfxTransaction::get_Date()
FNDA:0,System.String TodoApi.Controllers.OfxTransaction::get_Date()
DA:242,0
FN:242,System.String TodoApi.Controllers.OfxTransaction::get_Name()
FNDA:0,System.String TodoApi.Controllers.OfxTransaction::get_Name()
DA:243,0
FN:243,System.String TodoApi.Controllers.OfxTransaction::get_Memo()
FNDA:0,System.String TodoApi.Controllers.OfxTransaction::get_Memo()
DA:244,0
FN:244,System.String TodoApi.Controllers.OfxTransaction::get_TransactionType()
FNDA:0,System.String TodoApi.Controllers.OfxTransaction::get_TransactionType()
DA:245,0
FN:245,System.String TodoApi.Controllers.OfxTransaction::get_Amount()
FNDA:0,System.String TodoApi.Controllers.OfxTransaction::get_Amount()
DA:246,0
FN:248,System.String TodoApi.Controllers.OfxTransaction::ToString()
FNDA:0,System.String TodoApi.Controllers.OfxTransaction::ToString()
DA:249,0
DA:250,0
DA:251,0
FN:253,System.Void TodoApi.Controllers.OfxTransaction::AddField(System.String)
FNDA:0,System.Void TodoApi.Controllers.OfxTransaction::AddField(System.String)
DA:254,0
DA:255,0
DA:256,0
DA:257,0
DA:258,0
DA:259,0
DA:260,0
DA:261,0
DA:262,0
DA:263,0
DA:264,0
DA:265,0
DA:266,0
DA:268,0
DA:269,0
BRDA:255,14,0,0
BRDA:255,14,1,0
BRDA:257,57,0,0
BRDA:257,57,1,0
BRDA:259,100,0,0
BRDA:259,100,1,0
BRDA:261,143,0,0
BRDA:261,143,1,0
BRDA:263,185,0,0
BRDA:263,185,1,0
BRDA:265,227,0,0
BRDA:265,227,1,0
LF:148
LH:63
BRF:46
BRH:11
FNF:31
FNH:14
end_of_record