SF:C:\dev\Learning\React\budgeteer\backend\api\Program.cs
FN:0,System.Void Program::<Main>$(System.String[])
FNDA:0,System.Void Program::<Main>$(System.String[])
DA:1,0
DA:5,0
DA:7,0
DA:8,0
DA:10,0
DA:13,0
DA:14,0
DA:15,0
DA:16,0
DA:17,0
DA:19,0
DA:21,0
DA:23,0
DA:25,0
BRDA:13,64,0,0
BRDA:13,64,1,0
LF:14
LH:0
BRF:2
BRH:0
FNF:1
FNH:0
end_of_record
SF:C:\dev\Learning\React\budgeteer\backend\api\Models\Expence.cs
FN:5,System.Int32 Edwards.Kevin.Budgeteer.Models.Expence::get_Id()
FNDA:0,System.Int32 Edwards.Kevin.Budgeteer.Models.Expence::get_Id()
DA:6,0
FN:6,System.Int32 Edwards.Kevin.Budgeteer.Models.Expence::get_Amount()
FNDA:0,System.Int32 Edwards.Kevin.Budgeteer.Models.Expence::get_Amount()
DA:7,0
FN:7,Edwards.Kevin.Budgeteer.Models.Category Edwards.Kevin.Budgeteer.Models.Expence::get_Category()
FNDA:0,Edwards.Kevin.Budgeteer.Models.Category Edwards.Kevin.Budgeteer.Models.Expence::get_Category()
DA:8,0
FN:8,System.String Edwards.Kevin.Budgeteer.Models.Expence::get_Description()
FNDA:0,System.String Edwards.Kevin.Budgeteer.Models.Expence::get_Description()
DA:9,0
FN:10,System.Void Edwards.Kevin.Budgeteer.Models.Expence::.ctor(System.Int32,System.Int32,Edwards.Kevin.Budgeteer.Models.Category,System.String)
FNDA:0,System.Void Edwards.Kevin.Budgeteer.Models.Expence::.ctor(System.Int32,System.Int32,Edwards.Kevin.Budgeteer.Models.Category,System.String)
DA:11,0
DA:13,0
DA:14,0
DA:15,0
DA:16,0
DA:17,0
DA:18,0
LF:11
LH:0
BRF:0
BRH:0
FNF:5
FNH:0
end_of_record
SF:C:\dev\Learning\React\budgeteer\backend\api\Controllers\BudgeteerController.cs
FN:30,Microsoft.AspNetCore.Mvc.IActionResult TodoApi.Controllers.BudgeteerController::MigrateDownload()
FNDA:0,Microsoft.AspNetCore.Mvc.IActionResult TodoApi.Controllers.BudgeteerController::MigrateDownload()
DA:31,0
DA:33,0
DA:35,0
DA:36,0
FN:38,System.Void TodoApi.Controllers.BudgeteerController::InnerMigrateDownload()
FNDA:0,System.Void TodoApi.Controllers.BudgeteerController::InnerMigrateDownload()
DA:39,0
DA:40,0
DA:41,0
DA:42,0
DA:43,0
DA:44,0
DA:45,0
DA:46,0
DA:47,0
BRDA:41,71,1,0
BRDA:41,71,0,0
FN:49,System.Void TodoApi.Controllers.BudgeteerController::MigrateFile(System.String)
FNDA:0,System.Void TodoApi.Controllers.BudgeteerController::MigrateFile(System.String)
DA:50,0
DA:51,0
DA:52,0
DA:55,0
BRDA:51,14,0,0
BRDA:51,14,1,0
FN:56,System.Void TodoApi.Controllers.BudgeteerController::MigrateCsvFile(System.String)
FNDA:0,System.Void TodoApi.Controllers.BudgeteerController::MigrateCsvFile(System.String)
DA:57,0
DA:60,0
DA:63,0
DA:71,0
DA:72,0
DA:73,0
DA:74,0
DA:75,0
DA:76,0
DA:77,0
DA:78,0
DA:80,0
DA:81,0
DA:82,0
DA:83,0
DA:85,0
DA:86,0
DA:87,0
DA:88,0
DA:89,0
DA:90,0
DA:92,0
DA:93,0
DA:94,0
DA:95,0
DA:96,0
DA:97,0
DA:98,0
DA:99,0
DA:100,0
DA:101,0
BRDA:72,160,1,0
BRDA:75,52,0,0
BRDA:75,52,1,0
BRDA:81,91,0,0
BRDA:81,91,1,0
BRDA:72,160,0,0
FN:103,System.Void TodoApi.Controllers.BudgeteerController::MigrateOfxFile(System.String)
FNDA:0,System.Void TodoApi.Controllers.BudgeteerController::MigrateOfxFile(System.String)
DA:104,0
DA:107,0
DA:108,0
DA:109,0
DA:110,0
DA:111,0
DA:112,0
DA:113,0
DA:114,0
DA:115,0
DA:116,0
DA:117,0
DA:118,0
DA:120,0
DA:121,0
DA:122,0
DA:123,0
DA:124,0
DA:125,0
DA:126,0
DA:127,0
BRDA:111,99,1,0
BRDA:113,34,0,0
BRDA:113,34,1,0
BRDA:115,53,0,0
BRDA:115,53,1,0
BRDA:117,74,0,0
BRDA:117,74,1,0
BRDA:111,99,0,0
FN:128,System.Boolean TodoApi.Controllers.BudgeteerController::IsTransactionStart(System.String)
FNDA:0,System.Boolean TodoApi.Controllers.BudgeteerController::IsTransactionStart(System.String)
DA:129,0
FN:129,System.Boolean TodoApi.Controllers.BudgeteerController::IsTransactionEnd(System.String)
FNDA:0,System.Boolean TodoApi.Controllers.BudgeteerController::IsTransactionEnd(System.String)
DA:130,0
FN:131,System.String[] TodoApi.Controllers.BudgeteerController::GetFiles()
FNDA:0,System.String[] TodoApi.Controllers.BudgeteerController::GetFiles()
DA:132,0
FN:134,System.Boolean TodoApi.Controllers.BudgeteerController::IsElementWeCareAbout(System.String)
FNDA:0,System.Boolean TodoApi.Controllers.BudgeteerController::IsElementWeCareAbout(System.String)
DA:135,0
DA:136,0
DA:137,0
DA:138,0
DA:139,0
DA:140,0
DA:141,0
DA:142,0
DA:143,0
BRDA:136,12,0,0
BRDA:136,25,0,0
BRDA:136,38,0,0
BRDA:136,51,0,0
BRDA:136,64,0,0
BRDA:136,12,1,0
BRDA:136,25,1,0
BRDA:136,38,1,0
BRDA:136,51,1,0
BRDA:136,64,1,0
FN:148,System.Collections.Generic.IEnumerable`1<Edwards.Kevin.Budgeteer.Models.Expence> TodoApi.Controllers.BudgeteerController::Get(System.Int32)
FNDA:0,System.Collections.Generic.IEnumerable`1<Edwards.Kevin.Budgeteer.Models.Expence> TodoApi.Controllers.BudgeteerController::Get(System.Int32)
DA:149,0
DA:150,0
DA:151,0
DA:152,0
DA:153,0
DA:154,0
DA:155,0
DA:156,0
DA:158,0
DA:159,0
DA:161,0
DA:162,0
BRDA:158,134,0,0
BRDA:158,134,1,0
FN:11,System.Void TodoApi.Controllers.BudgeteerController::.ctor(Microsoft.Extensions.Logging.ILogger`1<TodoApi.Controllers.BudgeteerController>)
FNDA:0,System.Void TodoApi.Controllers.BudgeteerController::.ctor(Microsoft.Extensions.Logging.ILogger`1<TodoApi.Controllers.BudgeteerController>)
DA:12,0
DA:13,0
DA:16,0
DA:17,0
DA:18,0
DA:20,0
DA:21,0
DA:25,0
FN:166,System.DateTime TodoApi.Controllers.CsvTransaction::get_Date()
FNDA:4,System.DateTime TodoApi.Controllers.CsvTransaction::get_Date()
DA:167,4
FN:167,System.String TodoApi.Controllers.CsvTransaction::get_CheckNumber()
FNDA:4,System.String TodoApi.Controllers.CsvTransaction::get_CheckNumber()
DA:168,4
FN:168,System.String TodoApi.Controllers.CsvTransaction::get_Description()
FNDA:6,System.String TodoApi.Controllers.CsvTransaction::get_Description()
DA:169,6
FN:169,System.String TodoApi.Controllers.CsvTransaction::get_TransactionType()
FNDA:4,System.String TodoApi.Controllers.CsvTransaction::get_TransactionType()
DA:170,4
FN:170,System.Double TodoApi.Controllers.CsvTransaction::get_Amount()
FNDA:4,System.Double TodoApi.Controllers.CsvTransaction::get_Amount()
DA:171,4
FN:171,System.Boolean TodoApi.Controllers.CsvTransaction::get_IsValid()
FNDA:12,System.Boolean TodoApi.Controllers.CsvTransaction::get_IsValid()
DA:172,12
FN:172,System.Boolean TodoApi.Controllers.CsvTransaction::get_IsPendingTransaction()
FNDA:4,System.Boolean TodoApi.Controllers.CsvTransaction::get_IsPendingTransaction()
DA:173,4
FN:175,TodoApi.Controllers.CsvTransaction TodoApi.Controllers.CsvTransaction::createNew(System.String)
FNDA:10,TodoApi.Controllers.CsvTransaction TodoApi.Controllers.CsvTransaction::createNew(System.String)
DA:176,10
DA:177,10
DA:178,10
FN:214,System.DateTime TodoApi.Controllers.CsvTransaction::ProcessDate(System.String)
FNDA:2,System.DateTime TodoApi.Controllers.CsvTransaction::ProcessDate(System.String)
DA:215,2
DA:217,2
DA:218,2
DA:219,2
FN:221,System.Double TodoApi.Controllers.CsvTransaction::ProcessCredit(System.String)
FNDA:1,System.Double TodoApi.Controllers.CsvTransaction::ProcessCredit(System.String)
DA:222,1
DA:224,1
DA:225,1
DA:226,1
FN:228,System.String TodoApi.Controllers.CsvTransaction::ToString()
FNDA:0,System.String TodoApi.Controllers.CsvTransaction::ToString()
DA:229,0
DA:230,0
DA:231,0
FN:179,System.Void TodoApi.Controllers.CsvTransaction::.ctor(System.String)
FNDA:10,System.Void TodoApi.Controllers.CsvTransaction::.ctor(System.String)
DA:180,10
DA:181,10
DA:182,10
DA:183,1
DA:184,9
DA:185,9
DA:186,6
DA:187,3
DA:188,1
DA:190,2
DA:192,2
DA:193,2
DA:194,2
DA:195,2
DA:197,2
DA:198,1
DA:199,1
DA:200,1
DA:201,1
DA:203,1
DA:204,1
DA:205,1
DA:206,1
DA:207,10
BRDA:182,14,1,9
BRDA:185,45,1,3
BRDA:187,67,1,2
BRDA:197,156,0,1
BRDA:197,156,1,1
BRDA:182,14,0,10
BRDA:185,45,0,10
BRDA:187,67,0,10
FN:208,System.Void TodoApi.Controllers.CsvTransaction::.ctor(System.String[])
FNDA:0,System.Void TodoApi.Controllers.CsvTransaction::.ctor(System.String[])
DA:209,0
DA:210,0
DA:211,0
FN:235,System.String TodoApi.Controllers.OfxTransaction::get_Id()
FNDA:0,System.String TodoApi.Controllers.OfxTransaction::get_Id()
DA:236,0
FN:236,System.String TodoApi.Controllers.OfxTransaction::get_Date()
FNDA:0,System.String TodoApi.Controllers.OfxTransaction::get_Date()
DA:237,0
FN:237,System.String TodoApi.Controllers.OfxTransaction::get_Name()
FNDA:0,System.String TodoApi.Controllers.OfxTransaction::get_Name()
DA:238,0
FN:238,System.String TodoApi.Controllers.OfxTransaction::get_Memo()
FNDA:0,System.String TodoApi.Controllers.OfxTransaction::get_Memo()
DA:239,0
FN:239,System.String TodoApi.Controllers.OfxTransaction::get_TransactionType()
FNDA:0,System.String TodoApi.Controllers.OfxTransaction::get_TransactionType()
DA:240,0
FN:240,System.String TodoApi.Controllers.OfxTransaction::get_Amount()
FNDA:0,System.String TodoApi.Controllers.OfxTransaction::get_Amount()
DA:241,0
FN:243,System.String TodoApi.Controllers.OfxTransaction::ToString()
FNDA:0,System.String TodoApi.Controllers.OfxTransaction::ToString()
DA:244,0
DA:245,0
DA:246,0
FN:248,System.Void TodoApi.Controllers.OfxTransaction::AddField(System.String)
FNDA:0,System.Void TodoApi.Controllers.OfxTransaction::AddField(System.String)
DA:249,0
DA:250,0
DA:251,0
DA:252,0
DA:253,0
DA:254,0
DA:255,0
DA:256,0
DA:257,0
DA:258,0
DA:259,0
DA:260,0
DA:261,0
DA:263,0
DA:264,0
BRDA:250,14,0,0
BRDA:250,14,1,0
BRDA:252,57,0,0
BRDA:252,57,1,0
BRDA:254,100,0,0
BRDA:254,100,1,0
BRDA:256,143,0,0
BRDA:256,143,1,0
BRDA:258,185,0,0
BRDA:258,185,1,0
BRDA:260,227,0,0
BRDA:260,227,1,0
LF:173
LH:42
BRF:50
BRH:8
FNF:32
FNH:11
end_of_record